2024-04-29 02:06:32,803  INFO [main] ExyDoc:46 - Browser Open
2024-04-29 02:06:32,880  INFO [main] ExyDoc:47 - Browser Maximize
2024-04-29 02:06:39,037  INFO [main] ExyDoc:49 - URL Open --> Went on Sign In Page
2024-04-29 02:06:39,281  INFO [main] ExyDoc:53 - User Name Entered
2024-04-29 02:06:39,449  INFO [main] ExyDoc:54 - User Password Entered
2024-04-29 02:06:39,494  INFO [main] ExyDoc:55 - Tick on Remember Me Check Box
2024-04-29 02:06:44,165  INFO [main] ExyDoc:56 - Clicked on Sign In Button
2024-04-29 02:06:47,209  INFO [main] ExyDoc:19 - Apply the Validation
2024-04-29 02:06:47,483  INFO [main] ExyDoc:27 - verify_Login_Functionality is Pass
2024-04-29 02:06:50,896  INFO [main] ExyDoc:65 - Browser Closed
2024-04-29 02:06:50,896  INFO [main] ExyDoc:66 - ***************Test End***************
2024-04-29 02:06:51,885  INFO [main] ExyDoc:46 - Browser Open
2024-04-29 02:06:51,947  INFO [main] ExyDoc:47 - Browser Maximize
2024-04-29 02:06:57,943  INFO [main] ExyDoc:49 - URL Open --> Went on Sign In Page
2024-04-29 02:06:58,131  INFO [main] ExyDoc:53 - User Name Entered
2024-04-29 02:06:58,252  INFO [main] ExyDoc:54 - User Password Entered
2024-04-29 02:06:58,296  INFO [main] ExyDoc:55 - Tick on Remember Me Check Box
2024-04-29 02:07:03,321  INFO [main] ExyDoc:56 - Clicked on Sign In Button
2024-04-29 02:07:06,664  INFO [main] ExyDoc:22 - Clicked on Profile
2024-04-29 02:07:09,293  INFO [main] ExyDoc:24 - Clicked on Logout
2024-04-29 02:07:10,447  INFO [main] ExyDoc:27 - Clicked on Logout
2024-04-29 02:07:10,678  INFO [main] ExyDoc:39 - Logged Out Successfully
2024-04-29 02:07:10,678  INFO [main] ExyDoc:40 - verify_Logout_Functionality is Passed
2024-04-29 02:07:14,022  INFO [main] ExyDoc:65 - Browser Closed
2024-04-29 02:07:14,022  INFO [main] ExyDoc:66 - ***************Test End***************
2024-04-29 02:07:14,976  INFO [main] ExyDoc:46 - Browser Open
2024-04-29 02:07:15,039  INFO [main] ExyDoc:47 - Browser Maximize
2024-04-29 02:07:19,274  INFO [main] ExyDoc:49 - URL Open --> Went on Sign In Page
2024-04-29 02:07:19,470  INFO [main] ExyDoc:53 - User Name Entered
2024-04-29 02:07:19,590  INFO [main] ExyDoc:54 - User Password Entered
2024-04-29 02:07:19,632  INFO [main] ExyDoc:55 - Tick on Remember Me Check Box
2024-04-29 02:07:23,234  INFO [main] ExyDoc:56 - Clicked on Sign In Button
2024-04-29 02:07:28,674  INFO [main] ExyDoc:26 - Clicked on Groups
2024-04-29 02:07:28,884  INFO [main] ExyDoc:27 - Clicked on Add Groups
2024-04-29 02:07:29,115  INFO [main] ExyDoc:30 - Enterd Group Name
2024-04-29 02:07:29,339  INFO [main] ExyDoc:31 - Select Group Status
2024-04-29 02:07:29,501  INFO [main] ExyDoc:32 - Enter Tax ID
2024-04-29 02:07:29,638  INFO [main] ExyDoc:33 - Enter Legal Name
2024-04-29 02:07:29,757  INFO [main] ExyDoc:34 - Enter DBA Name
2024-04-29 02:07:29,885  INFO [main] ExyDoc:35 - Enter EHR System Name
2024-04-29 02:07:30,004  INFO [main] ExyDoc:36 - Enter Open Date
2024-04-29 02:07:30,134  INFO [main] ExyDoc:37 - Enter Expiration Date
2024-04-29 02:07:30,257  INFO [main] ExyDoc:38 - Clicked on Save Button
2024-04-29 02:08:04,692  INFO [main] ExyDoc:65 - Browser Closed
2024-04-29 02:08:04,693  INFO [main] ExyDoc:66 - ***************Test End***************
2024-04-29 02:08:05,695  INFO [main] ExyDoc:46 - Browser Open
2024-04-29 02:08:05,756  INFO [main] ExyDoc:47 - Browser Maximize
2024-04-29 02:08:10,153  INFO [main] ExyDoc:49 - URL Open --> Went on Sign In Page
2024-04-29 02:08:10,458  INFO [main] ExyDoc:53 - User Name Entered
2024-04-29 02:08:10,580  INFO [main] ExyDoc:54 - User Password Entered
2024-04-29 02:08:10,623  INFO [main] ExyDoc:55 - Tick on Remember Me Check Box
2024-04-29 02:08:16,840  INFO [main] ExyDoc:56 - Clicked on Sign In Button
2024-04-29 02:08:20,131  INFO [main] ExyDoc:21 - Clicked on Groups
2024-04-29 02:08:20,842  INFO [main] ExyDoc:22 - Clicked on Group Nmae
2024-04-29 02:08:27,101  INFO [main] ExyDoc:42 - Group Address Entered
2024-04-29 02:08:27,201  INFO [main] ExyDoc:44 - clicked on Save Button
2024-04-29 02:08:30,556  INFO [main] ExyDoc:65 - Browser Closed
2024-04-29 02:08:30,556  INFO [main] ExyDoc:66 - ***************Test End***************
